0 info it worked if it ends with ok
1 verbose cli [ '/usr/local/bin/node', '/usr/local/bin/npm', 'run', 'deploy' ]
2 info using npm@3.3.12
3 info using node@v5.4.1
4 verbose run-script [ 'predeploy', 'deploy', 'postdeploy' ]
5 info lifecycle fastenate@0.0.1~predeploy: fastenate@0.0.1
6 silly lifecycle fastenate@0.0.1~predeploy: no script for predeploy, continuing
7 info lifecycle fastenate@0.0.1~deploy: fastenate@0.0.1
8 verbose lifecycle fastenate@0.0.1~deploy: unsafe-perm in lifecycle true
9 verbose lifecycle fastenate@0.0.1~deploy: PATH: /usr/local/lib/node_modules/npm/bin/node-gyp-bin:/Users/rizhiaortega/DevLeague/fastenate/node_modules/.bin:/usr/local/bin:/usr/bin:/bin:/usr/sbin:/sbin:/usr/local/bin:/Users/rizhiaortega/Library/Android/sdk:/Users/rizhiaortega/Library/Android/sdk/tools:/Users/rizhiaortega/Library/Android/sdk/platform-tools
10 verbose lifecycle fastenate@0.0.1~deploy: CWD: /Users/rizhiaortega/DevLeague/fastenate
11 silly lifecycle fastenate@0.0.1~deploy: Args: [ '-c',
11 silly lifecycle   'git subtree push --prefix subfolder-name-here origin gh-pages' ]
12 silly lifecycle fastenate@0.0.1~deploy: Returned: code: 1  signal: null
13 info lifecycle fastenate@0.0.1~deploy: Failed to exec deploy script
14 verbose stack Error: fastenate@0.0.1 deploy: `git subtree push --prefix subfolder-name-here origin gh-pages`
14 verbose stack Exit status 1
14 verbose stack     at EventEmitter.<anonymous> (/usr/local/lib/node_modules/npm/lib/utils/lifecycle.js:232:16)
14 verbose stack     at emitTwo (events.js:87:13)
14 verbose stack     at EventEmitter.emit (events.js:172:7)
14 verbose stack     at ChildProcess.<anonymous> (/usr/local/lib/node_modules/npm/lib/utils/spawn.js:24:14)
14 verbose stack     at emitTwo (events.js:87:13)
14 verbose stack     at ChildProcess.emit (events.js:172:7)
14 verbose stack     at maybeClose (internal/child_process.js:821:16)
14 verbose stack     at Process.ChildProcess._handle.onexit (internal/child_process.js:211:5)
15 verbose pkgid fastenate@0.0.1
16 verbose cwd /Users/rizhiaortega/DevLeague/fastenate
17 error Darwin 15.3.0
18 error argv "/usr/local/bin/node" "/usr/local/bin/npm" "run" "deploy"
19 error node v5.4.1
20 error npm  v3.3.12
21 error code ELIFECYCLE
22 error fastenate@0.0.1 deploy: `git subtree push --prefix subfolder-name-here origin gh-pages`
22 error Exit status 1
23 error Failed at the fastenate@0.0.1 deploy script 'git subtree push --prefix subfolder-name-here origin gh-pages'.
23 error Make sure you have the latest version of node.js and npm installed.
23 error If you do, this is most likely a problem with the fastenate package,
23 error not with npm itself.
23 error Tell the author that this fails on your system:
23 error     git subtree push --prefix subfolder-name-here origin gh-pages
23 error You can get their info via:
23 error     npm owner ls fastenate
23 error There is likely additional logging output above.
24 verbose exit [ 1, true ]
